This is pdfTeX, Version 3.14159265-2.6-1.40.20 (TeX Live 2019/W32TeX) (preloaded format=pdflatex 2019.9.20)  13 OCT 2022 14:46
entering extended mode
 restricted \write18 enabled.
 file:line:error style messages enabled.
 %&-line parsing enabled.
**c256jr_um.tex
(./c256jr_um.tex
LaTeX2e <2018-12-01>
(d:/texlive/2019/texmf-dist/tex/latex/base/book.cls
Document Class: book 2018/09/03 v1.4i Standard LaTeX document class
(d:/texlive/2019/texmf-dist/tex/latex/base/bk10.clo
File: bk10.clo 2018/09/03 v1.4i Standard LaTeX file (size option)
)
\c@part=\count80
\c@chapter=\count81
\c@section=\count82
\c@subsection=\count83
\c@subsubsection=\count84
\c@paragraph=\count85
\c@subparagraph=\count86
\c@figure=\count87
\c@table=\count88
\abovecaptionskip=\skip41
\belowcaptionskip=\skip42
\bibindent=\dimen102
) (d:/texlive/2019/texmf-dist/tex/latex/hyperref/hyperref.sty
Package: hyperref 2019/09/12 v6.88i Hypertext links for LaTeX
 (d:/texlive/2019/texmf-dist/tex/generic/oberdiek/hobsub-hyperref.sty
Package: hobsub-hyperref 2016/05/16 v1.14 Bundle oberdiek, subset hyperref (HO)
 (d:/texlive/2019/texmf-dist/tex/generic/oberdiek/hobsub-generic.sty
Package: hobsub-generic 2016/05/16 v1.14 Bundle oberdiek, subset generic (HO)
Package: hobsub 2016/05/16 v1.14 Construct package bundles (HO)
Package: infwarerr 2016/05/16 v1.4 Providing info/warning/error messages (HO)
Package: ltxcmds 2016/05/16 v1.23 LaTeX kernel commands for general use (HO)
Package: ifluatex 2016/05/16 v1.4 Provides the ifluatex switch (HO)
Package ifluatex Info: LuaTeX not detected.
Package: ifvtex 2016/05/16 v1.6 Detect VTeX and its facilities (HO)
Package ifvtex Info: VTeX not detected.
Package: intcalc 2016/05/16 v1.2 Expandable calculations with integers (HO)
Package: ifpdf 2018/09/07 v3.3 Provides the ifpdf switch
Package: etexcmds 2016/05/16 v1.6 Avoid name clashes with e-TeX commands (HO)
Package: kvsetkeys 2016/05/16 v1.17 Key value parser (HO)
Package: kvdefinekeys 2016/05/16 v1.4 Define keys (HO)
Package: pdftexcmds 2019/07/25 v0.30 Utility functions of pdfTeX for LuaTeX (HO)
Package pdftexcmds Info: LuaTeX not detected.
Package pdftexcmds Info: \pdf@primitive is available.
Package pdftexcmds Info: \pdf@ifprimitive is available.
Package pdftexcmds Info: \pdfdraftmode found.
Package: pdfescape 2016/05/16 v1.14 Implements pdfTeX's escape features (HO)
Package: bigintcalc 2016/05/16 v1.4 Expandable calculations on big integers (HO)
Package: bitset 2016/05/16 v1.2 Handle bit-vector datatype (HO)
Package: uniquecounter 2016/05/16 v1.3 Provide unlimited unique counter (HO)
)
Package hobsub Info: Skipping package `hobsub' (already loaded).
Package: letltxmacro 2016/05/16 v1.5 Let assignment for LaTeX macros (HO)
Package: hopatch 2016/05/16 v1.3 Wrapper for package hooks (HO)
Package: xcolor-patch 2016/05/16 xcolor patch
Package: atveryend 2016/05/16 v1.9 Hooks at the very end of document (HO)
Package atveryend Info: \enddocument detected (standard20110627).
Package: atbegshi 2016/06/09 v1.18 At begin shipout hook (HO)
Package: refcount 2016/05/16 v3.5 Data extraction from label references (HO)
Package: hycolor 2016/05/16 v1.8 Color options for hyperref/bookmark (HO)
) (d:/texlive/2019/texmf-dist/tex/latex/graphics/keyval.sty
Package: keyval 2014/10/28 v1.15 key=value parser (DPC)
\KV@toks@=\toks14
) (d:/texlive/2019/texmf-dist/tex/generic/ifxetex/ifxetex.sty
Package: ifxetex 2010/09/12 v0.6 Provides ifxetex conditional
) (d:/texlive/2019/texmf-dist/tex/latex/oberdiek/auxhook.sty
Package: auxhook 2016/05/16 v1.4 Hooks for auxiliary files (HO)
) (d:/texlive/2019/texmf-dist/tex/latex/oberdiek/kvoptions.sty
Package: kvoptions 2016/05/16 v3.12 Key value format for package options (HO)
)
\@linkdim=\dimen103
\Hy@linkcounter=\count89
\Hy@pagecounter=\count90
 (d:/texlive/2019/texmf-dist/tex/latex/hyperref/pd1enc.def
File: pd1enc.def 2019/09/12 v6.88i Hyperref: PDFDocEncoding definition (HO)
Now handling font encoding PD1 ...
... no UTF-8 mapping file for font encoding PD1
)
\Hy@SavedSpaceFactor=\count91
 (d:/texlive/2019/texmf-dist/tex/latex/latexconfig/hyperref.cfg
File: hyperref.cfg 2002/06/06 v1.2 hyperref configuration of TeXLive
)
Package hyperref Info: Hyper figures OFF on input line 4550.
Package hyperref Info: Link nesting OFF on input line 4555.
Package hyperref Info: Hyper index ON on input line 4558.
Package hyperref Info: Plain pages OFF on input line 4565.
Package hyperref Info: Backreferencing OFF on input line 4570.
Package hyperref Info: Implicit mode ON; LaTeX internals redefined.
Package hyperref Info: Bookmarks ON on input line 4803.
\c@Hy@tempcnt=\count92
 (d:/texlive/2019/texmf-dist/tex/latex/url/url.sty
\Urlmuskip=\muskip10
Package: url 2013/09/16  ver 3.4  Verb mode for urls, etc.
)
LaTeX Info: Redefining \url on input line 5156.
\XeTeXLinkMargin=\dimen104
\Fld@menulength=\count93
\Field@Width=\dimen105
\Fld@charsize=\dimen106
Package hyperref Info: Hyper figures OFF on input line 6411.
Package hyperref Info: Link nesting OFF on input line 6416.
Package hyperref Info: Hyper index ON on input line 6419.
Package hyperref Info: backreferencing OFF on input line 6426.
Package hyperref Info: Link coloring OFF on input line 6431.
Package hyperref Info: Link coloring with OCG OFF on input line 6436.
Package hyperref Info: PDF/A mode OFF on input line 6441.
LaTeX Info: Redefining \ref on input line 6481.
LaTeX Info: Redefining \pageref on input line 6485.
\Hy@abspage=\count94
\c@Item=\count95
\c@Hfootnote=\count96
)
Package hyperref Info: Driver (autodetected): hpdftex.
 (d:/texlive/2019/texmf-dist/tex/latex/hyperref/hpdftex.def
File: hpdftex.def 2019/09/12 v6.88i Hyperref driver for pdfTeX
\Fld@listcount=\count97
\c@bookmark@seq@number=\count98
 (d:/texlive/2019/texmf-dist/tex/latex/oberdiek/rerunfilecheck.sty
Package: rerunfilecheck 2016/05/16 v1.8 Rerun checks for auxiliary files (HO)
Package uniquecounter Info: New unique counter `rerunfilecheck' on input line 282.
)
\Hy@SectionHShift=\skip43
)
Package hyperref Info: Option `colorlinks' set `true' on input line 3.
 (d:/texlive/2019/texmf-dist/tex/latex/amsfonts/amssymb.sty
Package: amssymb 2013/01/14 v3.01 AMS font symbols
 (d:/texlive/2019/texmf-dist/tex/latex/amsfonts/amsfonts.sty
Package: amsfonts 2013/01/14 v3.01 Basic AMSFonts support
\@emptytoks=\toks15
\symAMSa=\mathgroup4
\symAMSb=\mathgroup5
LaTeX Font Info:    Overwriting math alphabet `\mathfrak' in version `bold'
(Font)                  U/euf/m/n --> U/euf/b/n on input line 106.
)) (d:/texlive/2019/texmf-dist/tex/latex/concmath/concmath.sty
Package: concmath 1999/03/10 v2.0b LaTeX package for Concrete math fonts
LaTeX Font Info:    Redeclaring symbol font `operators' on input line 43.
LaTeX Font Info:    Overwriting symbol font `operators' in version `normal'
(Font)                  OT1/cmr/m/n --> OT1/ccr/m/n on input line 43.
LaTeX Font Info:    Overwriting symbol font `operators' in version `bold'
(Font)                  OT1/cmr/bx/n --> OT1/ccr/m/n on input line 43.
LaTeX Font Info:    Redeclaring symbol font `letters' on input line 44.
LaTeX Font Info:    Overwriting symbol font `letters' in version `normal'
(Font)                  OML/cmm/m/it --> OML/ccm/m/it on input line 44.
LaTeX Font Info:    Overwriting symbol font `letters' in version `bold'
(Font)                  OML/cmm/b/it --> OML/ccm/m/it on input line 44.
LaTeX Font Info:    Redeclaring symbol font `symbols' on input line 45.
LaTeX Font Info:    Overwriting symbol font `symbols' in version `normal'
(Font)                  OMS/cmsy/m/n --> OMS/ccsy/m/n on input line 45.
LaTeX Font Info:    Overwriting symbol font `symbols' in version `bold'
(Font)                  OMS/cmsy/b/n --> OMS/ccsy/m/n on input line 45.
LaTeX Font Info:    Redeclaring symbol font `largesymbols' on input line 46.
LaTeX Font Info:    Overwriting symbol font `largesymbols' in version `normal'
(Font)                  OMX/cmex/m/n --> OMX/ccex/m/n on input line 46.
LaTeX Font Info:    Overwriting symbol font `largesymbols' in version `bold'
(Font)                  OMX/cmex/m/n --> OMX/ccex/m/n on input line 46.
LaTeX Font Info:    Overwriting symbol font `operators' in version `bold'
(Font)                  OT1/ccr/m/n --> OT1/ccr/bx/n on input line 47.
LaTeX Font Info:    Overwriting symbol font `letters' in version `bold'
(Font)                  OML/ccm/m/it --> OML/ccm/b/it on input line 48.
LaTeX Font Info:    Overwriting symbol font `symbols' in version `bold'
(Font)                  OMS/ccsy/m/n --> OMS/ccsy/b/n on input line 49.
LaTeX Font Info:    Redeclaring math alphabet \mathbf on input line 53.
LaTeX Font Info:    Overwriting math alphabet `\mathbf' in version `normal'
(Font)                  OT1/cmr/bx/n --> OT1/ccr/bx/n on input line 53.
LaTeX Font Info:    Overwriting math alphabet `\mathbf' in version `bold'
(Font)                  OT1/cmr/bx/n --> OT1/ccr/bx/n on input line 53.
LaTeX Font Info:    Redeclaring math alphabet \mathit on input line 54.
LaTeX Font Info:    Overwriting math alphabet `\mathit' in version `normal'
(Font)                  OT1/cmr/m/it --> OT1/ccr/m/it on input line 54.
LaTeX Font Info:    Overwriting math alphabet `\mathit' in version `bold'
(Font)                  OT1/cmr/bx/it --> OT1/ccr/m/it on input line 54.
)
(d:/texlive/2019/texmf-dist/tex/latex/base/fontenc.sty
Package: fontenc 2018/08/11 v2.0j Standard LaTeX package
 (d:/texlive/2019/texmf-dist/tex/latex/base/ot1enc.def
File: ot1enc.def 2018/08/11 v2.0j Standard LaTeX file
LaTeX Font Info:    Redeclaring font encoding OT1 on input line 48.
)) (d:/texlive/2019/texmf-dist/tex/latex/geometry/geometry.sty
Package: geometry 2018/04/16 v5.8 Page Geometry
\Gm@cnth=\count99
\Gm@cntv=\count100
\c@Gm@tempcnt=\count101
\Gm@bindingoffset=\dimen107
\Gm@wd@mp=\dimen108
\Gm@odd@mp=\dimen109
\Gm@even@mp=\dimen110
\Gm@layoutwidth=\dimen111
\Gm@layoutheight=\dimen112
\Gm@layouthoffset=\dimen113
\Gm@layoutvoffset=\dimen114
\Gm@dimlist=\toks16
) (d:/texlive/2019/texmf-dist/tex/latex/multirow/multirow.sty
Package: multirow 2019/05/31 v2.5 Span multiple rows of a table
\multirow@colwidth=\skip44
\multirow@cntb=\count102
\multirow@dima=\skip45
\bigstrutjot=\dimen115
) (d:/texlive/2019/texmf-dist/tex/latex/graphics/graphics.sty
Package: graphics 2017/06/25 v1.2c Standard LaTeX Graphics (DPC,SPQR)
 (d:/texlive/2019/texmf-dist/tex/latex/graphics/trig.sty
Package: trig 2016/01/03 v1.10 sin cos tan (DPC)
) (d:/texlive/2019/texmf-dist/tex/latex/graphics-cfg/graphics.cfg
File: graphics.cfg 2016/06/04 v1.11 sample graphics configuration
)
Package graphics Info: Driver file: pdftex.def on input line 99.
 (d:/texlive/2019/texmf-dist/tex/latex/graphics-def/pdftex.def
File: pdftex.def 2018/01/08 v1.0l Graphics/color driver for pdftex
)) (./c256jr_um.aux)
\openout1 = `c256jr_um.aux'.

LaTeX Font Info:    Checking defaults for OML/cmm/m/it on input line 13.
LaTeX Font Info:    ... okay on input line 13.
LaTeX Font Info:    Checking defaults for T1/cmr/m/n on input line 13.
LaTeX Font Info:    ... okay on input line 13.
LaTeX Font Info:    Checking defaults for OT1/cmr/m/n on input line 13.
LaTeX Font Info:    ... okay on input line 13.
LaTeX Font Info:    Checking defaults for OMS/cmsy/m/n on input line 13.
LaTeX Font Info:    ... okay on input line 13.
LaTeX Font Info:    Checking defaults for OMX/cmex/m/n on input line 13.
LaTeX Font Info:    ... okay on input line 13.
LaTeX Font Info:    Checking defaults for U/cmr/m/n on input line 13.
LaTeX Font Info:    ... okay on input line 13.
LaTeX Font Info:    Checking defaults for PD1/pdf/m/n on input line 13.
LaTeX Font Info:    ... okay on input line 13.
LaTeX Font Info:    Try loading font information for OT1+ccr on input line 13.
 (d:/texlive/2019/texmf-dist/tex/latex/concmath/ot1ccr.fd
File: ot1ccr.fd 1999/03/10 v2.0b LaTeX font defs for Concrete math fonts
)
\AtBeginShipoutBox=\box27
 (d:/texlive/2019/texmf-dist/tex/latex/graphics/color.sty
Package: color 2016/07/10 v1.1e Standard LaTeX Color (DPC)
 (d:/texlive/2019/texmf-dist/tex/latex/graphics-cfg/color.cfg
File: color.cfg 2016/01/02 v1.6 sample color configuration
)
Package color Info: Driver file: pdftex.def on input line 147.
)
Package hyperref Info: Link coloring ON on input line 13.
 (d:/texlive/2019/texmf-dist/tex/latex/hyperref/nameref.sty
Package: nameref 2019/09/12 v2.45 Cross-referencing by name of section
 (d:/texlive/2019/texmf-dist/tex/generic/oberdiek/gettitlestring.sty
Package: gettitlestring 2016/05/16 v1.5 Cleanup title references (HO)
)
\c@section@level=\count103
)
LaTeX Info: Redefining \ref on input line 13.
LaTeX Info: Redefining \pageref on input line 13.
LaTeX Info: Redefining \nameref on input line 13.
 (./c256jr_um.out) (./c256jr_um.out)
\@outlinefile=\write3
\openout3 = `c256jr_um.out'.


*geometry* driver: auto-detecting
*geometry* detected driver: pdftex
*geometry* verbose mode - [ preamble ] result:
* driver: pdftex
* paper: a4paper
* layout: <same size as paper>
* layoutoffset:(h,v)=(0.0pt,0.0pt)
* modes: 
* h-part:(L,W,R)=(72.26999pt, 452.9679pt, 72.26999pt)
* v-part:(T,H,B)=(72.26999pt, 700.50687pt, 72.26999pt)
* \paperwidth=597.50787pt
* \paperheight=845.04684pt
* \textwidth=452.9679pt
* \textheight=700.50687pt
* \oddsidemargin=0.0pt
* \evensidemargin=0.0pt
* \topmargin=-30.06749pt
* \headheight=12.0pt
* \headsep=18.06749pt
* \topskip=10.0pt
* \footskip=25.29494pt
* \marginparwidth=69.0pt
* \marginparsep=7.0pt
* \columnsep=10.0pt
* \skip\footins=9.0pt plus 4.0pt minus 2.0pt
* \hoffset=0.0pt
* \voffset=0.0pt
* \mag=1000
* \@twocolumnfalse
* \@twosidefalse
* \@mparswitchfalse
* \@reversemarginfalse
* (1in=72.27pt=25.4mm, 1cm=28.453pt)

(d:/texlive/2019/texmf-dist/tex/context/base/mkii/supp-pdf.mkii
[Loading MPS to PDF converter (version 2006.09.02).]
\scratchcounter=\count104
\scratchdimen=\dimen116
\scratchbox=\box28
\nofMPsegments=\count105
\nofMParguments=\count106
\everyMPshowfont=\toks17
\MPscratchCnt=\count107
\MPscratchDim=\dimen117
\MPnumerator=\count108
\makeMPintoPDFobject=\count109
\everyMPtoPDFconversion=\toks18
) (d:/texlive/2019/texmf-dist/tex/latex/oberdiek/epstopdf-base.sty
Package: epstopdf-base 2016/05/15 v2.6 Base part for package epstopdf
 (d:/texlive/2019/texmf-dist/tex/latex/oberdiek/grfext.sty
Package: grfext 2016/05/16 v1.2 Manage graphics extensions (HO)
)
Package epstopdf-base Info: Redefining graphics rule for `.eps' on input line 438.
Package grfext Info: Graphics extension search list:
(grfext)             [.pdf,.png,.jpg,.mps,.jpeg,.jbig2,.jb2,.PDF,.PNG,.JPG,.JPEG,.JBIG2,.JB2,.eps]
(grfext)             \AppendGraphicsExtensions on input line 456.
 (d:/texlive/2019/texmf-dist/tex/latex/latexconfig/epstopdf-sys.cfg
File: epstopdf-sys.cfg 2010/07/13 v1.3 Configuration of (r)epstopdf for TeX Live
))
LaTeX Font Info:    Try loading font information for OML+ccm on input line 18.
 (d:/texlive/2019/texmf-dist/tex/latex/concmath/omlccm.fd
File: omlccm.fd 1999/03/10 v2.0b LaTeX font defs for Concrete math fonts
)
LaTeX Font Info:    Try loading font information for OMS+ccsy on input line 18.
 (d:/texlive/2019/texmf-dist/tex/latex/concmath/omsccsy.fd
File: omsccsy.fd 1999/03/10 v2.0b LaTeX font defs for Concrete math fonts
)
LaTeX Font Info:    Try loading font information for OMX+ccex on input line 18.
 (d:/texlive/2019/texmf-dist/tex/latex/concmath/omxccex.fd
File: omxccex.fd 1999/03/10 v2.0b LaTeX font defs for Concrete math fonts
)
LaTeX Font Info:    External font `xccex10' loaded for size
(Font)              <12> on input line 18.
LaTeX Font Info:    External font `xccex10' loaded for size
(Font)              <8> on input line 18.
LaTeX Font Info:    External font `xccex10' loaded for size
(Font)              <6> on input line 18.
LaTeX Font Info:    Try loading font information for U+msa on input line 18.
 (d:/texlive/2019/texmf-dist/tex/latex/amsfonts/umsa.fd
File: umsa.fd 2013/01/14 v3.01 AMS symbols A
)
LaTeX Font Info:    Try loading font information for U+msb on input line 18.
 (d:/texlive/2019/texmf-dist/tex/latex/amsfonts/umsb.fd
File: umsb.fd 2013/01/14 v3.01 AMS symbols B
) [1


{d:/texlive/2019/texmf-var/fonts/map/pdftex/updmap/pdftex.map}]
LaTeX Font Info:    Font shape `OT1/ccr/bx/n' in size <24.88> not available
(Font)              Font shape `OT1/cmr/bx/n' tried instead on input line 19.
 (./c256jr_um.toc
LaTeX Font Info:    Font shape `OT1/ccr/bx/n' in size <10> not available
(Font)              Font shape `OT1/cmr/bx/n' tried instead on input line 1.
LaTeX Font Info:    External font `xccex10' loaded for size
(Font)              <10> on input line 4.
LaTeX Font Info:    External font `xccex10' loaded for size
(Font)              <7> on input line 4.
LaTeX Font Info:    External font `xccex10' loaded for size
(Font)              <5> on input line 4.
)
\tf@toc=\write4
\openout4 = `c256jr_um.toc'.

pdfTeX warning (ext4): destination with the same identifier (name{page.1}) has been already used, duplicate ignored
<to be read again> 
                   \relax 
l.20 \listoftables
                   [1

] (./c256jr_um.lot)
\tf@lot=\write5
\openout5 = `c256jr_um.lot'.

 [2

]
Chapter 1.
LaTeX Font Info:    Font shape `OT1/ccr/bx/n' in size <20.74> not available
(Font)              Font shape `OT1/cmr/bx/n' tried instead on input line 22.
[3

]
Chapter 2.
(./memory.tex [4

]
Chapter 3.
[5

]
Overfull \hbox (18.16032pt too wide) in paragraph at lines 60--65
 [] 
 []

LaTeX Font Info:    Font shape `OT1/ccr/bx/n' in size <12> not available
(Font)              Font shape `OT1/cmr/bx/n' tried instead on input line 84.

Package hyperref Warning: Difference (2) between bookmark levels is greater 
(hyperref)                than one, level fixed on input line 84.

[6]) (./text.tex [7]
Chapter 4.
LaTeX Font Info:    Try loading font information for OMS+ccr on input line 6.
(d:/texlive/2019/texmf-dist/tex/latex/concmath/omsccr.fd
File: omsccr.fd 1999/03/10 v2.0b LaTeX font defs for Concrete math fonts
)
LaTeX Font Info:    Font shape `OMS/ccr/m/n' in size <10> not available
(Font)              Font shape `OMS/ccsy/m/n' tried instead on input line 6.
LaTeX Font Info:    Font shape `OT1/ccr/bx/n' in size <14.4> not available
(Font)              Font shape `OT1/cmr/bx/n' tried instead on input line 14.
 [8

] [9] [10]) (./graphics.tex [11]
Chapter 5.
<images/bitmaps.pdf, id=311, 356.88293pt x 225.88641pt>
File: images/bitmaps.pdf Graphic file (type pdf)
<use images/bitmaps.pdf>
Package pdftex.def Info: images/bitmaps.pdf  used on input line 19.
(pdftex.def)             Requested size: 356.88205pt x 225.88585pt.

LaTeX Warning: `h' float specifier changed to `ht'.


LaTeX Warning: `h' float specifier changed to `ht'.

[12

]
Overfull \hbox (14.27803pt too wide) in paragraph at lines 92--92
[]            \OT1/cmtt/m/n/10 lda #<VKY_GR_CLUT_0 ; pointer will be used to point to a particular LUT entry[] 
 []

[13 <./images/bitmaps.pdf>]
<images/Layers.pdf, id=348, 270.31108pt x 238.69128pt>
File: images/Layers.pdf Graphic file (type pdf)
<use images/Layers.pdf>
Package pdftex.def Info: images/Layers.pdf  used on input line 106.
(pdftex.def)             Requested size: 270.31041pt x 238.69069pt.


LaTeX Warning: `h' float specifier changed to `ht'.

[14]) (./bitmap.tex [15 <./images/Layers.pdf>]
Overfull \hbox (93.02734pt too wide) in paragraph at lines 66--66
[]            \OT1/cmtt/m/n/10 stz VKY_MSTR_CTRL_1 ; Make sure we're just in 320x240 mode (VICKY master control register 1)[] 
 []

[16] [17]) (./sprites.tex [18]
Chapter 6.

LaTeX Warning: `h' float specifier changed to `ht'.

[19

] [20]
Overfull \hbox (9.02808pt too wide) in paragraph at lines 152--152
[]            \OT1/cmtt/m/n/10 lda #<VKY_GR_CLUT_0         ; Set the destination pointer to Graphics CLUT 1[] 
 []


Overfull \hbox (9.02808pt too wide) in paragraph at lines 152--152
[]            \OT1/cmtt/m/n/10 ldx #0                      ; X is a counter for the number of colors copied[] 
 []


Overfull \hbox (35.27785pt too wide) in paragraph at lines 152--152
[]\OT1/cmtt/m/n/10 color_loop: ldy #0                      ; Y is a pointer to the component within a CLUT color[] 
 []


Overfull \hbox (9.02808pt too wide) in paragraph at lines 152--152
[]            \OT1/cmtt/m/n/10 clc                         ; Advance ptr_src to the next source color entry[] 
 []


Overfull \hbox (35.27785pt too wide) in paragraph at lines 152--152
[]            \OT1/cmtt/m/n/10 clc                         ; Advance ptr_dst to the next destination color entry[] 
 []

[21]
Overfull \hbox (93.02734pt too wide) in paragraph at lines 176--176
[]            \OT1/cmtt/m/n/10 sta VKY_SP0_POS_X_L         ; (x, y) = (32, 32)... should be upper-left corner of the screen[] 
 []


Overfull \hbox (9.02808pt too wide) in paragraph at lines 197--197
[]    \OT1/cmtt/m/n/10 .byte $00, $00, $00, $00, $00, $00, $03, $02, $02, $01, $00, $00, $00, $00, $00, $00[] 
 []


Overfull \hbox (9.02808pt too wide) in paragraph at lines 197--197
[]    \OT1/cmtt/m/n/10 .byte $00, $00, $00, $00, $05, $05, $04, $03, $03, $03, $03, $02, $00, $00, $00, $00[] 
 []


Overfull \hbox (9.02808pt too wide) in paragraph at lines 197--197
[]    \OT1/cmtt/m/n/10 .byte $00, $00, $00, $07, $07, $07, $06, $05, $04, $04, $03, $03, $01, $00, $00, $00[] 
 []


Overfull \hbox (9.02808pt too wide) in paragraph at lines 197--197
[]    \OT1/cmtt/m/n/10 .byte $00, $00, $07, $09, $0A, $0B, $0A, $08, $06, $05, $04, $03, $02, $01, $00, $00[] 
 []


Overfull \hbox (9.02808pt too wide) in paragraph at lines 197--197
[]    \OT1/cmtt/m/n/10 .byte $00, $05, $07, $0A, $0D, $0E, $0D, $0A, $07, $05, $05, $04, $03, $01, $01, $00[] 
 []


Overfull \hbox (9.02808pt too wide) in paragraph at lines 197--197
[]    \OT1/cmtt/m/n/10 .byte $00, $05, $07, $0B, $0E, $0E, $0E, $0C, $07, $05, $05, $04, $03, $01, $01, $00[] 
 []


Overfull \hbox (9.02808pt too wide) in paragraph at lines 197--197
[]    \OT1/cmtt/m/n/10 .byte $03, $04, $06, $0A, $0D, $0E, $0D, $0A, $07, $05, $05, $04, $03, $02, $01, $01[] 
 []


Overfull \hbox (9.02808pt too wide) in paragraph at lines 197--197
[]    \OT1/cmtt/m/n/10 .byte $02, $03, $05, $08, $0A, $0C, $0A, $08, $06, $05, $05, $04, $03, $02, $01, $01[] 
 []


Overfull \hbox (9.02808pt too wide) in paragraph at lines 197--197
[]    \OT1/cmtt/m/n/10 .byte $02, $03, $04, $06, $07, $07, $07, $06, $05, $05, $05, $04, $03, $01, $01, $01[] 
 []


Overfull \hbox (9.02808pt too wide) in paragraph at lines 197--197
[]    \OT1/cmtt/m/n/10 .byte $01, $03, $04, $05, $05, $05, $05, $05, $05, $05, $05, $03, $03, $01, $01, $01[] 
 []


Overfull \hbox (9.02808pt too wide) in paragraph at lines 197--197
[]    \OT1/cmtt/m/n/10 .byte $00, $03, $03, $04, $05, $05, $05, $05, $05, $05, $04, $03, $02, $01, $01, $00[] 
 []


Overfull \hbox (9.02808pt too wide) in paragraph at lines 197--197
[]    \OT1/cmtt/m/n/10 .byte $00, $02, $03, $03, $04, $04, $04, $04, $04, $03, $03, $02, $01, $01, $01, $00[] 
 []


Overfull \hbox (9.02808pt too wide) in paragraph at lines 197--197
[]    \OT1/cmtt/m/n/10 .byte $00, $00, $01, $02, $03, $03, $03, $03, $03, $03, $02, $01, $01, $01, $00, $00[] 
 []


Overfull \hbox (9.02808pt too wide) in paragraph at lines 197--197
[]    \OT1/cmtt/m/n/10 .byte $00, $00, $00, $01, $01, $01, $02, $02, $01, $01, $01, $01, $01, $00, $00, $00[] 
 []


Overfull \hbox (9.02808pt too wide) in paragraph at lines 197--197
[]    \OT1/cmtt/m/n/10 .byte $00, $00, $00, $00, $01, $01, $01, $01, $01, $01, $01, $01, $00, $00, $00, $00[] 
 []


Overfull \hbox (9.02808pt too wide) in paragraph at lines 197--197
[]    \OT1/cmtt/m/n/10 .byte $00, $00, $00, $00, $00, $00, $01, $01, $01, $01, $00, $00, $00, $00, $00, $00[] 
 []

) (./tiles.tex [22]
Chapter 7.

LaTeX Warning: `h' float specifier changed to `ht'.


LaTeX Warning: `h' float specifier changed to `ht'.

) (./sound.tex [23

] [24]
Chapter 8.

LaTeX Warning: `h' float specifier changed to `ht'.

[25

] [26] [27]

LaTeX Warning: `h' float specifier changed to `ht'.

[28]) (./interrupts.tex [29]
Chapter 9.
[30

] [31]) (./time.tex [32]
Chapter 10.
[33

]

LaTeX Warning: `h' float specifier changed to `ht'.

) (./memory_map.tex [34] [35]
Chapter 11.

LaTeX Warning: `h' float specifier changed to `ht'.

(./io_page_0_tab.tex)

LaTeX Warning: `h' float specifier changed to `ht'.

)
Package atveryend Info: Empty hook `BeforeClearDocument' on input line 41.
 [36

] [37] [38]
Package atveryend Info: Empty hook `AfterLastShipout' on input line 41.
 (./c256jr_um.aux)
Package atveryend Info: Executing hook `AtVeryEndDocument' on input line 41.
Package atveryend Info: Executing hook `AtEndAfterFileList' on input line 41.
Package rerunfilecheck Info: File `c256jr_um.out' has not changed.
(rerunfilecheck)             Checksum: BF6B05024D272B8297C98E0A2C9771DA;2341.
Package atveryend Info: Empty hook `AtVeryVeryEnd' on input line 41.
 ) 
Here is how much of TeX's memory you used:
 6324 strings out of 492609
 90995 string characters out of 6132833
 206973 words of memory out of 5000000
 10017 multiletter control sequences out of 15000+600000
 15500 words of font info for 57 fonts, out of 8000000 for 9000
 1141 hyphenation exceptions out of 8191
 28i,16n,32p,1011b,448s stack positions out of 5000i,500n,10000p,200000b,80000s
pdfTeX warning (dest): name{Hfootnote.2} has been referenced but does not exist, replaced by a fixed one

pdfTeX warning (dest): name{Hfootnote.1} has been referenced but does not exist, replaced by a fixed one

 <c:/Users/pjw/.texlive2019/texmf-var/fonts/pk/ljfour/public/concrete/ccr7.600pk> <c:/Users/pjw/.texlive2019/texmf-var/fonts/pk/ljfour/public/concrete/ccti10.600pk> <c:/Users/pjw/.texlive2019/texmf-var/fonts/pk/ljfour/public/concmath-fonts/xccmi10.600pk> <c:/Users/pjw/.texlive2019/texmf-var/fonts/pk/ljfour/public/concmath-fonts/xccsy10.600pk> <c:/Users/pjw/.texlive2019/texmf-var/fonts/pk/ljfour/public/concrete/ccsl10.600pk> <c:/Users/pjw/.texlive2019/texmf-var/fonts/pk/ljfour/public/concrete/ccr10.600pk> <c:/Users/pjw/.texlive2019/texmf-var/fonts/pk/ljfour/public/concrete/ccr10.720pk> <c:/Users/pjw/.texlive2019/texmf-var/fonts/pk/ljfour/public/concrete/ccr10.1037pk><d:/texlive/2019/texmf-dist/fonts/type1/public/amsfonts/cm/cmbx10.pfb><d:/texlive/2019/texmf-dist/fonts/type1/public/amsfonts/cm/cmbx12.pfb><d:/texlive/2019/texmf-dist/fonts/type1/public/amsfonts/cm/cmtt10.pfb><d:/texlive/2019/texmf-dist/fonts/type1/public/amsfonts/symbols/msam10.pfb>
Output written on c256jr_um.pdf (39 pages, 293094 bytes).
PDF statistics:
 735 PDF objects out of 1000 (max. 8388607)
 494 compressed objects within 5 object streams
 118 named destinations out of 1000 (max. 500000)
 315 words of extra memory for PDF output out of 10000 (max. 10000000)

